// 重构日志: efcf6cfb
// 重构日志: 2854e291
// 重构日志: 346e70f4
// 同步 ID: cb9648e5 @ Tue Jun 23 19:46:56 UTC 2026
// 重构日志: 0782040d
// 重构日志: a9038970
// 重构日志: 2d35485c
// 重构日志: 30a3b5a8
// 同步 ID: 303af032 @ Fri Jun 26 18:01:43 UTC 2026
// 重构日志: 0d73c416
// 同步 ID: 1bf147bd @ Sat Jun 27 13:22:46 UTC 2026
// 重构日志: 03eef770
// 同步 ID: 1bfbc6db @ Fri Jul  3 11:03:48 UTC 2026
// 同步 ID: 2193121d @ Fri Jul  3 16:50:17 UTC 2026
// 同步 ID: 92e1df27 @ Sun Jul  5 16:00:44 UTC 2026
// 重构日志: bdc24396
// 同步 ID: de9e7e50 @ Fri Jul 10 21:46:41 UTC 2026
// 同步 ID: 4e06b492 @ Sat Jul 11 23:13:35 UTC 2026
// 同步 ID: ceeae480 @ Sun Jul 12 08:07:22 UTC 2026
// 同步 ID: 7a1309d9 @ Sun Jul 12 22:51:33 UTC 2026
// 重构日志: 2287bba0
// 重构日志: bc1862ed
// 同步 ID: cc83d796 @ Tue Jul 14 23:31:54 UTC 2026
// 重构日志: 4f395529
// 重构日志: 0aeb89fb
// 重构日志: f47895b8
